<?xml version="1.0" encoding="UTF-8"?>
<persistence version="2.0"
	xmlns="http://java.sun.com/xml/ns/persistence" xmlns:xsi="http://www.w3.org/2001/XMLSchema-instance"
	xsi:schemaLocation="http://java.sun.com/xml/ns/persistence http://java.sun.com/xml/ns/persistence/persistence_2_0.xsd">
	<persistence-unit name="JpaFpmAdministration"
		transaction-type="RESOURCE_LOCAL">
		<class>com.cobiscorp.ecobis.fpm.model.AccountingProfile</class>
		<class>com.cobiscorp.ecobis.fpm.model.AccountingProfileHistory</class>	
	
						
		<class>com.cobiscorp.ecobis.fpm.model.AmountItemValue</class>
		<class>com.cobiscorp.ecobis.fpm.model.AmountItemValueId</class>			
		<class>com.cobiscorp.ecobis.fpm.model.AmountItemValueHistory</class>				
		<class>com.cobiscorp.ecobis.fpm.model.AppliesTo</class>
		<class>com.cobiscorp.ecobis.fpm.model.AppliesToWhenApply</class>		
		<class>com.cobiscorp.ecobis.fpm.model.AppliesToWhenApplyId</class>
		<class>com.cobiscorp.ecobis.fpm.model.Authorization</class>
		<class>com.cobiscorp.ecobis.fpm.model.AuthorizationHistory</class>
		<class>com.cobiscorp.ecobis.fpm.model.BankingProduct</class>
		<class>com.cobiscorp.ecobis.fpm.model.BankingProductFieldRule</class>
		<class>com.cobiscorp.ecobis.fpm.model.BankingProductFieldRuleId</class>		
		<class>com.cobiscorp.ecobis.fpm.model.BankingProductHistory</class>
		<class>com.cobiscorp.ecobis.fpm.model.CatalogConstraint</class>		
		<class>com.cobiscorp.ecobis.fpm.model.CatalogConstraintHistory</class>
		<class>com.cobiscorp.ecobis.fpm.model.Company</class>
		<class>com.cobiscorp.ecobis.fpm.model.CoreTable</class>		
		<class>com.cobiscorp.ecobis.fpm.model.CurrencyProduct</class>
		<class>com.cobiscorp.ecobis.fpm.model.CurrencyProductId</class>
		<class>com.cobiscorp.ecobis.fpm.model.CurrencyProductHistory</class>				
		<class>com.cobiscorp.ecobis.fpm.model.CurrencyTemplate</class>						
		<class>com.cobiscorp.ecobis.fpm.model.CurrencyTemplateId</class>
		<class>com.cobiscorp.ecobis.fpm.model.DicCompanyProductType</class>		
		<class>com.cobiscorp.ecobis.fpm.model.DicFunctionalityGroup</class>		
		<class>com.cobiscorp.ecobis.fpm.model.DictionaryField</class>	
		<class>com.cobiscorp.ecobis.fpm.model.EconomicDestination</class>		
		<class>com.cobiscorp.ecobis.fpm.model.EconomicActivity</class>	
		<class>com.cobiscorp.ecobis.fpm.model.FieldValidator</class>	
		<class>com.cobiscorp.ecobis.fpm.model.FieldValue</class>		
		<class>com.cobiscorp.ecobis.fpm.model.Functionality</class>
		<class>com.cobiscorp.ecobis.fpm.model.GeneralParametersValues</class>		
		<class>com.cobiscorp.ecobis.fpm.model.GeneralParametersValuesHistory</class>
		<class>com.cobiscorp.ecobis.fpm.model.InheritedValue</class>		
		<class>com.cobiscorp.ecobis.fpm.model.InheritedValueId</class>
		<class>com.cobiscorp.ecobis.fpm.model.Item</class>
		<class>com.cobiscorp.ecobis.fpm.model.ItemAppliesWay</class>
		<class>com.cobiscorp.ecobis.fpm.model.ItemAppliesWayHistory</class>		
		<class>com.cobiscorp.ecobis.fpm.model.ItemByProduct</class>
		<class>com.cobiscorp.ecobis.fpm.model.ItemByProductId</class>
		<class>com.cobiscorp.ecobis.fpm.model.ItemByProductHistory</class>				
		<class>com.cobiscorp.ecobis.fpm.model.ItemProductTransaction</class>		
		<class>com.cobiscorp.ecobis.fpm.model.ItemProductTransactionId</class>
		<class>com.cobiscorp.ecobis.fpm.model.ItemsCategory</class>
		<class>com.cobiscorp.ecobis.fpm.model.ItemStatus</class>
		<class>com.cobiscorp.ecobis.fpm.model.ItemStatusHistory</class>						
		<class>com.cobiscorp.ecobis.fpm.model.ItemsValues</class>
		<class>com.cobiscorp.ecobis.fpm.model.ItemsValuesHistory</class>		
		<class>com.cobiscorp.ecobis.fpm.model.MappingField</class>		
		<class>com.cobiscorp.ecobis.fpm.model.Module</class>		
		<class>com.cobiscorp.ecobis.fpm.model.NodeTypeCategory</class>			
		<class>com.cobiscorp.ecobis.fpm.model.NodeTypeProduct</class>
		<class>com.cobiscorp.ecobis.fpm.model.OperationStatus</class>
		<class>com.cobiscorp.ecobis.fpm.model.OperationStatusHistory</class>						
		<class>com.cobiscorp.ecobis.fpm.model.PolicyProduct</class>				
		<class>com.cobiscorp.ecobis.fpm.model.PolicyProductHistory</class>
		<class>com.cobiscorp.ecobis.fpm.model.ProductProcess</class>
		<class>com.cobiscorp.ecobis.fpm.model.ProductProcessHistory</class>
		<class>com.cobiscorp.ecobis.fpm.model.ProductRule</class>
		<class>com.cobiscorp.ecobis.fpm.model.ProductRuleHistory</class>
		<class>com.cobiscorp.ecobis.fpm.model.ProductTemplate</class>
		<class>com.cobiscorp.ecobis.fpm.model.Purpose</class>
		<class>com.cobiscorp.ecobis.fpm.model.ServiceTransaction</class>		
		<class>com.cobiscorp.ecobis.fpm.model.ServiceTransactionId</class>
		<class>com.cobiscorp.ecobis.fpm.model.ServTranBankingProduct</class>
		<class>com.cobiscorp.ecobis.fpm.model.ServTranBankingProductId</class>
		<class>com.cobiscorp.ecobis.fpm.model.WhenApplyNodeType</class>		
		<class>com.cobiscorp.ecobis.fpm.model.TransactionField</class>
		<class>com.cobiscorp.ecobis.fpm.model.TransactionFieldValue</class>		
		<class>com.cobiscorp.ecobis.fpm.model.PaymentTypeFields</class>
		<class>com.cobiscorp.ecobis.fpm.model.PaymentType</class>
		<class>com.cobiscorp.ecobis.fpm.model.PaymentTypeFieldsValues</class>		
		<class>com.cobiscorp.ecobis.fpm.model.ChannelPayment</class>
		<class>com.cobiscorp.ecobis.fpm.model.TransactionChannel</class>
		<class>com.cobiscorp.ecobis.fpm.model.TransactionChannelBase</class>
		<class>com.cobiscorp.ecobis.fpm.model.ChannelPaymentBase</class>
		<class>com.cobiscorp.ecobis.fpm.model.UnitFunctionalityValues</class>
		<class>com.cobiscorp.ecobis.fpm.model.FieldByProduct</class>
		<class>com.cobiscorp.ecobis.fpm.model.FieldByProductValues</class>
		<exclude-unlisted-classes>true</exclude-unlisted-classes>		
	</persistence-unit>
</persistence>
