<?xml version="1.0" encoding="UTF-8"?>
<beans xmlns="http://www.springframework.org/schema/beans"
	xmlns:xsi="http://www.w3.org/2001/XMLSchema-instance" xmlns:jdbc="http://www.springframework.org/schema/jdbc"
	xsi:schemaLocation="http://www.springframework.org/schema/beans http://www.springframework.org/schema/beans/spring-beans.xsd
		http://www.springframework.org/schema/jdbc http://www.springframework.org/schema/jdbc/spring-jdbc.xsd">

	<bean id="jpaVendorAdapter" class="org.springframework.orm.jpa.vendor.OpenJpaVendorAdapter">
		<property name="database" value="HSQL" />
		<property name="showSql" value="true" />
		<property name="generateDdl" value="false" />
	</bean>

	<jdbc:embedded-database id="dataSource" type="HSQL">
		<jdbc:script location="script-create.sql" />
		<jdbc:script location="script-insert.sql" />
	</jdbc:embedded-database>

	<bean id="entityManagerFactory"
		class="org.springframework.orm.jpa.LocalContainerEntityManagerFactoryBean">
		<property name="dataSource" ref="dataSource" />
		<property name="jpaVendorAdapter" ref="jpaVendorAdapter" />
		<property name="persistenceUnitName" value="ctsServicePU" />
		<property name="persistenceXmlLocation" value="META-INF/test-persistence.xml" />
	</bean>

</beans>