<?xml version="1.0" encoding="UTF-8"?>
<beans xmlns="http://www.springframework.org/schema/beans"
	xmlns:xsi="http://www.w3.org/2001/XMLSchema-instance" xmlns:context="http://www.springframework.org/schema/context"
	xsi:schemaLocation="http://www.springframework.org/schema/beans http://www.springframework.org/schema/beans/spring-beans.xsd
		http://www.springframework.org/schema/context http://www.springframework.org/schema/context/spring-context.xsd">

	<context:annotation-config />

	<bean id="catalogManagerService"
		class="com.cobiscorp.ecobis.fpm.catalogs.service.impl.CatalogManager">
		<property name="entityManager">
			<bean class="org.springframework.orm.jpa.support.SharedEntityManagerBean">
				<property name="entityManagerFactory" ref="entityManagerFactory" />
			</bean>
		</property>
	</bean>

	<bean id="portfolioCatalogManagerService"
		class="com.cobiscorp.ecobis.fpm.portfolio.catalogs.service.impl.PortfolioCatalogManager">
		<property name="storedProcedureUtils" ref="storedProcedureUtils"></property>
		<property name="catalogManager" ref="catalogManagerService"></property>
	</bean>

</beans>